<?xml version="1.0" encoding="UTF-8"?>
<testsuite xmlns:xsi="http://www.w3.org/2001/XMLSchema-instance" xsi:noNamespaceSchemaLocation="https://maven.apache.org/surefire/maven-surefire-plugin/xsd/surefire-test-report-3.0.xsd" version="3.0" name="com.collins.AppTest" time="0.055" tests="1" errors="0" skipped="0" failures="0">
  <properties>
    <property name="java.specification.version" value="17"/>
    <property name="sun.cpu.isalist" value="amd64"/>
    <property name="sun.jnu.encoding" value="Cp1252"/>
    <property name="java.class.path" value="c:\repos\2DTestGame\game\target\test-classes;c:\repos\2DTestGame\game\target\classes;C:\Users\aaron\.m2\repository\org\junit\jupiter\junit-jupiter-api\5.6.0\junit-jupiter-api-5.6.0.jar;C:\Users\aaron\.m2\repository\org\apiguardian\apiguardian-api\1.1.0\apiguardian-api-1.1.0.jar;C:\Users\aaron\.m2\repository\org\opentest4j\opentest4j\1.2.0\opentest4j-1.2.0.jar;C:\Users\aaron\.m2\repository\org\junit\platform\junit-platform-commons\1.6.0\junit-platform-commons-1.6.0.jar;C:\Users\aaron\.m2\repository\org\junit\jupiter\junit-jupiter-engine\5.6.0\junit-jupiter-engine-5.6.0.jar;C:\Users\aaron\.m2\repository\org\junit\platform\junit-platform-engine\1.6.0\junit-platform-engine-1.6.0.jar;C:\Users\aaron\.m2\repository\org\lwjgl\lwjgl\3.3.1\lwjgl-3.3.1.jar;C:\Users\aaron\.m2\repository\org\lwjgl\lwjgl-assimp\3.3.1\lwjgl-assimp-3.3.1.jar;C:\Users\aaron\.m2\repository\org\lwjgl\lwjgl-bgfx\3.3.1\lwjgl-bgfx-3.3.1.jar;C:\Users\aaron\.m2\repository\org\lwjgl\lwjgl-cuda\3.3.1\lwjgl-cuda-3.3.1.jar;C:\Users\aaron\.m2\repository\org\lwjgl\lwjgl-egl\3.3.1\lwjgl-egl-3.3.1.jar;C:\Users\aaron\.m2\repository\org\lwjgl\lwjgl-glfw\3.3.1\lwjgl-glfw-3.3.1.jar;C:\Users\aaron\.m2\repository\org\lwjgl\lwjgl-jawt\3.3.1\lwjgl-jawt-3.3.1.jar;C:\Users\aaron\.m2\repository\org\lwjgl\lwjgl-jemalloc\3.3.1\lwjgl-jemalloc-3.3.1.jar;C:\Users\aaron\.m2\repository\org\lwjgl\lwjgl-libdivide\3.3.1\lwjgl-libdivide-3.3.1.jar;C:\Users\aaron\.m2\repository\org\lwjgl\lwjgl-llvm\3.3.1\lwjgl-llvm-3.3.1.jar;C:\Users\aaron\.m2\repository\org\lwjgl\lwjgl-lmdb\3.3.1\lwjgl-lmdb-3.3.1.jar;C:\Users\aaron\.m2\repository\org\lwjgl\lwjgl-lz4\3.3.1\lwjgl-lz4-3.3.1.jar;C:\Users\aaron\.m2\repository\org\lwjgl\lwjgl-meow\3.3.1\lwjgl-meow-3.3.1.jar;C:\Users\aaron\.m2\repository\org\lwjgl\lwjgl-meshoptimizer\3.3.1\lwjgl-meshoptimizer-3.3.1.jar;C:\Users\aaron\.m2\repository\org\lwjgl\lwjgl-nanovg\3.3.1\lwjgl-nanovg-3.3.1.jar;C:\Users\aaron\.m2\repository\org\lwjgl\lwjgl-nfd\3.3.1\lwjgl-nfd-3.3.1.jar;C:\Users\aaron\.m2\repository\org\lwjgl\lwjgl-nuklear\3.3.1\lwjgl-nuklear-3.3.1.jar;C:\Users\aaron\.m2\repository\org\lwjgl\lwjgl-odbc\3.3.1\lwjgl-odbc-3.3.1.jar;C:\Users\aaron\.m2\repository\org\lwjgl\lwjgl-openal\3.3.1\lwjgl-openal-3.3.1.jar;C:\Users\aaron\.m2\repository\org\lwjgl\lwjgl-opencl\3.3.1\lwjgl-opencl-3.3.1.jar;C:\Users\aaron\.m2\repository\org\lwjgl\lwjgl-opengl\3.3.1\lwjgl-opengl-3.3.1.jar;C:\Users\aaron\.m2\repository\org\lwjgl\lwjgl-opengles\3.3.1\lwjgl-opengles-3.3.1.jar;C:\Users\aaron\.m2\repository\org\lwjgl\lwjgl-openvr\3.3.1\lwjgl-openvr-3.3.1.jar;C:\Users\aaron\.m2\repository\org\lwjgl\lwjgl-openxr\3.3.1\lwjgl-openxr-3.3.1.jar;C:\Users\aaron\.m2\repository\org\lwjgl\lwjgl-opus\3.3.1\lwjgl-opus-3.3.1.jar;C:\Users\aaron\.m2\repository\org\lwjgl\lwjgl-ovr\3.3.1\lwjgl-ovr-3.3.1.jar;C:\Users\aaron\.m2\repository\org\lwjgl\lwjgl-par\3.3.1\lwjgl-par-3.3.1.jar;C:\Users\aaron\.m2\repository\org\lwjgl\lwjgl-remotery\3.3.1\lwjgl-remotery-3.3.1.jar;C:\Users\aaron\.m2\repository\org\lwjgl\lwjgl-rpmalloc\3.3.1\lwjgl-rpmalloc-3.3.1.jar;C:\Users\aaron\.m2\repository\org\lwjgl\lwjgl-shaderc\3.3.1\lwjgl-shaderc-3.3.1.jar;C:\Users\aaron\.m2\repository\org\lwjgl\lwjgl-spvc\3.3.1\lwjgl-spvc-3.3.1.jar;C:\Users\aaron\.m2\repository\org\lwjgl\lwjgl-sse\3.3.1\lwjgl-sse-3.3.1.jar;C:\Users\aaron\.m2\repository\org\lwjgl\lwjgl-stb\3.3.1\lwjgl-stb-3.3.1.jar;C:\Users\aaron\.m2\repository\org\lwjgl\lwjgl-tinyexr\3.3.1\lwjgl-tinyexr-3.3.1.jar;C:\Users\aaron\.m2\repository\org\lwjgl\lwjgl-tinyfd\3.3.1\lwjgl-tinyfd-3.3.1.jar;C:\Users\aaron\.m2\repository\org\lwjgl\lwjgl-tootle\3.3.1\lwjgl-tootle-3.3.1.jar;C:\Users\aaron\.m2\repository\org\lwjgl\lwjgl-vma\3.3.1\lwjgl-vma-3.3.1.jar;C:\Users\aaron\.m2\repository\org\lwjgl\lwjgl-vulkan\3.3.1\lwjgl-vulkan-3.3.1.jar;C:\Users\aaron\.m2\repository\org\lwjgl\lwjgl-xxhash\3.3.1\lwjgl-xxhash-3.3.1.jar;C:\Users\aaron\.m2\repository\org\lwjgl\lwjgl-yoga\3.3.1\lwjgl-yoga-3.3.1.jar;C:\Users\aaron\.m2\repository\org\lwjgl\lwjgl-zstd\3.3.1\lwjgl-zstd-3.3.1.jar;C:\Users\aaron\.m2\repository\org\lwjgl\lwjgl\3.3.1\lwjgl-3.3.1-natives-windows.jar;C:\Users\aaron\.m2\repository\org\lwjgl\lwjgl-assimp\3.3.1\lwjgl-assimp-3.3.1-natives-windows.jar;C:\Users\aaron\.m2\repository\org\lwjgl\lwjgl-bgfx\3.3.1\lwjgl-bgfx-3.3.1-natives-windows.jar;C:\Users\aaron\.m2\repository\org\lwjgl\lwjgl-glfw\3.3.1\lwjgl-glfw-3.3.1-natives-windows.jar;C:\Users\aaron\.m2\repository\org\lwjgl\lwjgl-jemalloc\3.3.1\lwjgl-jemalloc-3.3.1-natives-windows.jar;C:\Users\aaron\.m2\repository\org\lwjgl\lwjgl-libdivide\3.3.1\lwjgl-libdivide-3.3.1-natives-windows.jar;C:\Users\aaron\.m2\repository\org\lwjgl\lwjgl-llvm\3.3.1\lwjgl-llvm-3.3.1-natives-windows.jar;C:\Users\aaron\.m2\repository\org\lwjgl\lwjgl-lmdb\3.3.1\lwjgl-lmdb-3.3.1-natives-windows.jar;C:\Users\aaron\.m2\repository\org\lwjgl\lwjgl-lz4\3.3.1\lwjgl-lz4-3.3.1-natives-windows.jar;C:\Users\aaron\.m2\repository\org\lwjgl\lwjgl-meow\3.3.1\lwjgl-meow-3.3.1-natives-windows.jar;C:\Users\aaron\.m2\repository\org\lwjgl\lwjgl-meshoptimizer\3.3.1\lwjgl-meshoptimizer-3.3.1-natives-windows.jar;C:\Users\aaron\.m2\repository\org\lwjgl\lwjgl-nanovg\3.3.1\lwjgl-nanovg-3.3.1-natives-windows.jar;C:\Users\aaron\.m2\repository\org\lwjgl\lwjgl-nfd\3.3.1\lwjgl-nfd-3.3.1-natives-windows.jar;C:\Users\aaron\.m2\repository\org\lwjgl\lwjgl-nuklear\3.3.1\lwjgl-nuklear-3.3.1-natives-windows.jar;C:\Users\aaron\.m2\repository\org\lwjgl\lwjgl-openal\3.3.1\lwjgl-openal-3.3.1-natives-windows.jar;C:\Users\aaron\.m2\repository\org\lwjgl\lwjgl-opengl\3.3.1\lwjgl-opengl-3.3.1-natives-windows.jar;C:\Users\aaron\.m2\repository\org\lwjgl\lwjgl-opengles\3.3.1\lwjgl-opengles-3.3.1-natives-windows.jar;C:\Users\aaron\.m2\repository\org\lwjgl\lwjgl-openvr\3.3.1\lwjgl-openvr-3.3.1-natives-windows.jar;C:\Users\aaron\.m2\repository\org\lwjgl\lwjgl-openxr\3.3.1\lwjgl-openxr-3.3.1-natives-windows.jar;C:\Users\aaron\.m2\repository\org\lwjgl\lwjgl-opus\3.3.1\lwjgl-opus-3.3.1-natives-windows.jar;C:\Users\aaron\.m2\repository\org\lwjgl\lwjgl-ovr\3.3.1\lwjgl-ovr-3.3.1-natives-windows.jar;C:\Users\aaron\.m2\repository\org\lwjgl\lwjgl-par\3.3.1\lwjgl-par-3.3.1-natives-windows.jar;C:\Users\aaron\.m2\repository\org\lwjgl\lwjgl-remotery\3.3.1\lwjgl-remotery-3.3.1-natives-windows.jar;C:\Users\aaron\.m2\repository\org\lwjgl\lwjgl-rpmalloc\3.3.1\lwjgl-rpmalloc-3.3.1-natives-windows.jar;C:\Users\aaron\.m2\repository\org\lwjgl\lwjgl-shaderc\3.3.1\lwjgl-shaderc-3.3.1-natives-windows.jar;C:\Users\aaron\.m2\repository\org\lwjgl\lwjgl-spvc\3.3.1\lwjgl-spvc-3.3.1-natives-windows.jar;C:\Users\aaron\.m2\repository\org\lwjgl\lwjgl-sse\3.3.1\lwjgl-sse-3.3.1-natives-windows.jar;C:\Users\aaron\.m2\repository\org\lwjgl\lwjgl-stb\3.3.1\lwjgl-stb-3.3.1-natives-windows.jar;C:\Users\aaron\.m2\repository\org\lwjgl\lwjgl-tinyexr\3.3.1\lwjgl-tinyexr-3.3.1-natives-windows.jar;C:\Users\aaron\.m2\repository\org\lwjgl\lwjgl-tinyfd\3.3.1\lwjgl-tinyfd-3.3.1-natives-windows.jar;C:\Users\aaron\.m2\repository\org\lwjgl\lwjgl-tootle\3.3.1\lwjgl-tootle-3.3.1-natives-windows.jar;C:\Users\aaron\.m2\repository\org\lwjgl\lwjgl-vma\3.3.1\lwjgl-vma-3.3.1-natives-windows.jar;C:\Users\aaron\.m2\repository\org\lwjgl\lwjgl-xxhash\3.3.1\lwjgl-xxhash-3.3.1-natives-windows.jar;C:\Users\aaron\.m2\repository\org\lwjgl\lwjgl-yoga\3.3.1\lwjgl-yoga-3.3.1-natives-windows.jar;C:\Users\aaron\.m2\repository\org\lwjgl\lwjgl-zstd\3.3.1\lwjgl-zstd-3.3.1-natives-windows.jar;C:\Users\aaron\.m2\repository\org\joml\joml\1.10.5\joml-1.10.5.jar;"/>
    <property name="java.vm.vendor" value="Oracle Corporation"/>
    <property name="sun.arch.data.model" value="64"/>
    <property name="user.variant" value=""/>
    <property name="java.vendor.url" value="https://java.oracle.com/"/>
    <property name="user.timezone" value="America/Toronto"/>
    <property name="os.name" value="Windows 10"/>
    <property name="java.vm.specification.version" value="17"/>
    <property name="sun.java.launcher" value="SUN_STANDARD"/>
    <property name="user.country" value="CA"/>
    <property name="sun.boot.library.path" value="C:\Program Files\Java\jdk-17.0.4.1\bin"/>
    <property name="sun.java.command" value="C:\Users\aaron\AppData\Local\Temp\surefire8441125493770583808\surefirebooter10406513375234234044.jar C:\Users\aaron\AppData\Local\Temp\surefire8441125493770583808 2022-12-21T22-43-16_490-jvmRun1 surefire6368702839285854735tmp surefire_012862915184045591941tmp"/>
    <property name="jdk.debug" value="release"/>
    <property name="surefire.test.class.path" value="c:\repos\2DTestGame\game\target\test-classes;c:\repos\2DTestGame\game\target\classes;C:\Users\aaron\.m2\repository\org\junit\jupiter\junit-jupiter-api\5.6.0\junit-jupiter-api-5.6.0.jar;C:\Users\aaron\.m2\repository\org\apiguardian\apiguardian-api\1.1.0\apiguardian-api-1.1.0.jar;C:\Users\aaron\.m2\repository\org\opentest4j\opentest4j\1.2.0\opentest4j-1.2.0.jar;C:\Users\aaron\.m2\repository\org\junit\platform\junit-platform-commons\1.6.0\junit-platform-commons-1.6.0.jar;C:\Users\aaron\.m2\repository\org\junit\jupiter\junit-jupiter-engine\5.6.0\junit-jupiter-engine-5.6.0.jar;C:\Users\aaron\.m2\repository\org\junit\platform\junit-platform-engine\1.6.0\junit-platform-engine-1.6.0.jar;C:\Users\aaron\.m2\repository\org\lwjgl\lwjgl\3.3.1\lwjgl-3.3.1.jar;C:\Users\aaron\.m2\repository\org\lwjgl\lwjgl-assimp\3.3.1\lwjgl-assimp-3.3.1.jar;C:\Users\aaron\.m2\repository\org\lwjgl\lwjgl-bgfx\3.3.1\lwjgl-bgfx-3.3.1.jar;C:\Users\aaron\.m2\repository\org\lwjgl\lwjgl-cuda\3.3.1\lwjgl-cuda-3.3.1.jar;C:\Users\aaron\.m2\repository\org\lwjgl\lwjgl-egl\3.3.1\lwjgl-egl-3.3.1.jar;C:\Users\aaron\.m2\repository\org\lwjgl\lwjgl-glfw\3.3.1\lwjgl-glfw-3.3.1.jar;C:\Users\aaron\.m2\repository\org\lwjgl\lwjgl-jawt\3.3.1\lwjgl-jawt-3.3.1.jar;C:\Users\aaron\.m2\repository\org\lwjgl\lwjgl-jemalloc\3.3.1\lwjgl-jemalloc-3.3.1.jar;C:\Users\aaron\.m2\repository\org\lwjgl\lwjgl-libdivide\3.3.1\lwjgl-libdivide-3.3.1.jar;C:\Users\aaron\.m2\repository\org\lwjgl\lwjgl-llvm\3.3.1\lwjgl-llvm-3.3.1.jar;C:\Users\aaron\.m2\repository\org\lwjgl\lwjgl-lmdb\3.3.1\lwjgl-lmdb-3.3.1.jar;C:\Users\aaron\.m2\repository\org\lwjgl\lwjgl-lz4\3.3.1\lwjgl-lz4-3.3.1.jar;C:\Users\aaron\.m2\repository\org\lwjgl\lwjgl-meow\3.3.1\lwjgl-meow-3.3.1.jar;C:\Users\aaron\.m2\repository\org\lwjgl\lwjgl-meshoptimizer\3.3.1\lwjgl-meshoptimizer-3.3.1.jar;C:\Users\aaron\.m2\repository\org\lwjgl\lwjgl-nanovg\3.3.1\lwjgl-nanovg-3.3.1.jar;C:\Users\aaron\.m2\repository\org\lwjgl\lwjgl-nfd\3.3.1\lwjgl-nfd-3.3.1.jar;C:\Users\aaron\.m2\repository\org\lwjgl\lwjgl-nuklear\3.3.1\lwjgl-nuklear-3.3.1.jar;C:\Users\aaron\.m2\repository\org\lwjgl\lwjgl-odbc\3.3.1\lwjgl-odbc-3.3.1.jar;C:\Users\aaron\.m2\repository\org\lwjgl\lwjgl-openal\3.3.1\lwjgl-openal-3.3.1.jar;C:\Users\aaron\.m2\repository\org\lwjgl\lwjgl-opencl\3.3.1\lwjgl-opencl-3.3.1.jar;C:\Users\aaron\.m2\repository\org\lwjgl\lwjgl-opengl\3.3.1\lwjgl-opengl-3.3.1.jar;C:\Users\aaron\.m2\repository\org\lwjgl\lwjgl-opengles\3.3.1\lwjgl-opengles-3.3.1.jar;C:\Users\aaron\.m2\repository\org\lwjgl\lwjgl-openvr\3.3.1\lwjgl-openvr-3.3.1.jar;C:\Users\aaron\.m2\repository\org\lwjgl\lwjgl-openxr\3.3.1\lwjgl-openxr-3.3.1.jar;C:\Users\aaron\.m2\repository\org\lwjgl\lwjgl-opus\3.3.1\lwjgl-opus-3.3.1.jar;C:\Users\aaron\.m2\repository\org\lwjgl\lwjgl-ovr\3.3.1\lwjgl-ovr-3.3.1.jar;C:\Users\aaron\.m2\repository\org\lwjgl\lwjgl-par\3.3.1\lwjgl-par-3.3.1.jar;C:\Users\aaron\.m2\repository\org\lwjgl\lwjgl-remotery\3.3.1\lwjgl-remotery-3.3.1.jar;C:\Users\aaron\.m2\repository\org\lwjgl\lwjgl-rpmalloc\3.3.1\lwjgl-rpmalloc-3.3.1.jar;C:\Users\aaron\.m2\repository\org\lwjgl\lwjgl-shaderc\3.3.1\lwjgl-shaderc-3.3.1.jar;C:\Users\aaron\.m2\repository\org\lwjgl\lwjgl-spvc\3.3.1\lwjgl-spvc-3.3.1.jar;C:\Users\aaron\.m2\repository\org\lwjgl\lwjgl-sse\3.3.1\lwjgl-sse-3.3.1.jar;C:\Users\aaron\.m2\repository\org\lwjgl\lwjgl-stb\3.3.1\lwjgl-stb-3.3.1.jar;C:\Users\aaron\.m2\repository\org\lwjgl\lwjgl-tinyexr\3.3.1\lwjgl-tinyexr-3.3.1.jar;C:\Users\aaron\.m2\repository\org\lwjgl\lwjgl-tinyfd\3.3.1\lwjgl-tinyfd-3.3.1.jar;C:\Users\aaron\.m2\repository\org\lwjgl\lwjgl-tootle\3.3.1\lwjgl-tootle-3.3.1.jar;C:\Users\aaron\.m2\repository\org\lwjgl\lwjgl-vma\3.3.1\lwjgl-vma-3.3.1.jar;C:\Users\aaron\.m2\repository\org\lwjgl\lwjgl-vulkan\3.3.1\lwjgl-vulkan-3.3.1.jar;C:\Users\aaron\.m2\repository\org\lwjgl\lwjgl-xxhash\3.3.1\lwjgl-xxhash-3.3.1.jar;C:\Users\aaron\.m2\repository\org\lwjgl\lwjgl-yoga\3.3.1\lwjgl-yoga-3.3.1.jar;C:\Users\aaron\.m2\repository\org\lwjgl\lwjgl-zstd\3.3.1\lwjgl-zstd-3.3.1.jar;C:\Users\aaron\.m2\repository\org\lwjgl\lwjgl\3.3.1\lwjgl-3.3.1-natives-windows.jar;C:\Users\aaron\.m2\repository\org\lwjgl\lwjgl-assimp\3.3.1\lwjgl-assimp-3.3.1-natives-windows.jar;C:\Users\aaron\.m2\repository\org\lwjgl\lwjgl-bgfx\3.3.1\lwjgl-bgfx-3.3.1-natives-windows.jar;C:\Users\aaron\.m2\repository\org\lwjgl\lwjgl-glfw\3.3.1\lwjgl-glfw-3.3.1-natives-windows.jar;C:\Users\aaron\.m2\repository\org\lwjgl\lwjgl-jemalloc\3.3.1\lwjgl-jemalloc-3.3.1-natives-windows.jar;C:\Users\aaron\.m2\repository\org\lwjgl\lwjgl-libdivide\3.3.1\lwjgl-libdivide-3.3.1-natives-windows.jar;C:\Users\aaron\.m2\repository\org\lwjgl\lwjgl-llvm\3.3.1\lwjgl-llvm-3.3.1-natives-windows.jar;C:\Users\aaron\.m2\repository\org\lwjgl\lwjgl-lmdb\3.3.1\lwjgl-lmdb-3.3.1-natives-windows.jar;C:\Users\aaron\.m2\repository\org\lwjgl\lwjgl-lz4\3.3.1\lwjgl-lz4-3.3.1-natives-windows.jar;C:\Users\aaron\.m2\repository\org\lwjgl\lwjgl-meow\3.3.1\lwjgl-meow-3.3.1-natives-windows.jar;C:\Users\aaron\.m2\repository\org\lwjgl\lwjgl-meshoptimizer\3.3.1\lwjgl-meshoptimizer-3.3.1-natives-windows.jar;C:\Users\aaron\.m2\repository\org\lwjgl\lwjgl-nanovg\3.3.1\lwjgl-nanovg-3.3.1-natives-windows.jar;C:\Users\aaron\.m2\repository\org\lwjgl\lwjgl-nfd\3.3.1\lwjgl-nfd-3.3.1-natives-windows.jar;C:\Users\aaron\.m2\repository\org\lwjgl\lwjgl-nuklear\3.3.1\lwjgl-nuklear-3.3.1-natives-windows.jar;C:\Users\aaron\.m2\repository\org\lwjgl\lwjgl-openal\3.3.1\lwjgl-openal-3.3.1-natives-windows.jar;C:\Users\aaron\.m2\repository\org\lwjgl\lwjgl-opengl\3.3.1\lwjgl-opengl-3.3.1-natives-windows.jar;C:\Users\aaron\.m2\repository\org\lwjgl\lwjgl-opengles\3.3.1\lwjgl-opengles-3.3.1-natives-windows.jar;C:\Users\aaron\.m2\repository\org\lwjgl\lwjgl-openvr\3.3.1\lwjgl-openvr-3.3.1-natives-windows.jar;C:\Users\aaron\.m2\repository\org\lwjgl\lwjgl-openxr\3.3.1\lwjgl-openxr-3.3.1-natives-windows.jar;C:\Users\aaron\.m2\repository\org\lwjgl\lwjgl-opus\3.3.1\lwjgl-opus-3.3.1-natives-windows.jar;C:\Users\aaron\.m2\repository\org\lwjgl\lwjgl-ovr\3.3.1\lwjgl-ovr-3.3.1-natives-windows.jar;C:\Users\aaron\.m2\repository\org\lwjgl\lwjgl-par\3.3.1\lwjgl-par-3.3.1-natives-windows.jar;C:\Users\aaron\.m2\repository\org\lwjgl\lwjgl-remotery\3.3.1\lwjgl-remotery-3.3.1-natives-windows.jar;C:\Users\aaron\.m2\repository\org\lwjgl\lwjgl-rpmalloc\3.3.1\lwjgl-rpmalloc-3.3.1-natives-windows.jar;C:\Users\aaron\.m2\repository\org\lwjgl\lwjgl-shaderc\3.3.1\lwjgl-shaderc-3.3.1-natives-windows.jar;C:\Users\aaron\.m2\repository\org\lwjgl\lwjgl-spvc\3.3.1\lwjgl-spvc-3.3.1-natives-windows.jar;C:\Users\aaron\.m2\repository\org\lwjgl\lwjgl-sse\3.3.1\lwjgl-sse-3.3.1-natives-windows.jar;C:\Users\aaron\.m2\repository\org\lwjgl\lwjgl-stb\3.3.1\lwjgl-stb-3.3.1-natives-windows.jar;C:\Users\aaron\.m2\repository\org\lwjgl\lwjgl-tinyexr\3.3.1\lwjgl-tinyexr-3.3.1-natives-windows.jar;C:\Users\aaron\.m2\repository\org\lwjgl\lwjgl-tinyfd\3.3.1\lwjgl-tinyfd-3.3.1-natives-windows.jar;C:\Users\aaron\.m2\repository\org\lwjgl\lwjgl-tootle\3.3.1\lwjgl-tootle-3.3.1-natives-windows.jar;C:\Users\aaron\.m2\repository\org\lwjgl\lwjgl-vma\3.3.1\lwjgl-vma-3.3.1-natives-windows.jar;C:\Users\aaron\.m2\repository\org\lwjgl\lwjgl-xxhash\3.3.1\lwjgl-xxhash-3.3.1-natives-windows.jar;C:\Users\aaron\.m2\repository\org\lwjgl\lwjgl-yoga\3.3.1\lwjgl-yoga-3.3.1-natives-windows.jar;C:\Users\aaron\.m2\repository\org\lwjgl\lwjgl-zstd\3.3.1\lwjgl-zstd-3.3.1-natives-windows.jar;C:\Users\aaron\.m2\repository\org\joml\joml\1.10.5\joml-1.10.5.jar;"/>
    <property name="sun.cpu.endian" value="little"/>
    <property name="user.home" value="C:\Users\aaron"/>
    <property name="user.language" value="en"/>
    <property name="java.specification.vendor" value="Oracle Corporation"/>
    <property name="java.version.date" value="2022-08-18"/>
    <property name="java.home" value="C:\Program Files\Java\jdk-17.0.4.1"/>
    <property name="file.separator" value="\"/>
    <property name="basedir" value="c:\repos\2DTestGame\game"/>
    <property name="java.vm.compressedOopsMode" value="Zero based"/>
    <property name="line.separator" value="&#10;"/>
    <property name="java.vm.specification.vendor" value="Oracle Corporation"/>
    <property name="java.specification.name" value="Java Platform API Specification"/>
    <property name="surefire.real.class.path" value="C:\Users\aaron\AppData\Local\Temp\surefire8441125493770583808\surefirebooter10406513375234234044.jar"/>
    <property name="user.script" value=""/>
    <property name="sun.management.compiler" value="HotSpot 64-Bit Tiered Compilers"/>
    <property name="java.runtime.version" value="17.0.4.1+1-LTS-2"/>
    <property name="user.name" value="aaron"/>
    <property name="path.separator" value=";"/>
    <property name="os.version" value="10.0"/>
    <property name="java.runtime.name" value="Java(TM) SE Runtime Environment"/>
    <property name="file.encoding" value="Cp1252"/>
    <property name="java.vm.name" value="Java HotSpot(TM) 64-Bit Server VM"/>
    <property name="localRepository" value="C:\Users\aaron\.m2\repository"/>
    <property name="java.vendor.url.bug" value="https://bugreport.java.com/bugreport/"/>
    <property name="java.io.tmpdir" value="C:\Users\aaron\AppData\Local\Temp\"/>
    <property name="java.version" value="17.0.4.1"/>
    <property name="user.dir" value="c:\repos\2DTestGame\game"/>
    <property name="os.arch" value="amd64"/>
    <property name="java.vm.specification.name" value="Java Virtual Machine Specification"/>
    <property name="sun.os.patch.level" value=""/>
    <property name="native.encoding" value="Cp1252"/>
    <property name="java.library.path" value="C:\Program Files\Java\jdk-17.0.4.1\bin;C:\Windows\Sun\Java\bin;C:\Windows\system32;C:\Windows;C:\Users\aaron\AppData\Local\Programs\Python\Python310\Scripts\;C:\Users\aaron\AppData\Local\Programs\Python\Python310\;C:\Program Files\Common Files\Oracle\Java\javapath;C:\Windows\system32;C:\Windows;C:\Windows\System32\Wbem;C:\Windows\System32\WindowsPowerShell\v1.0\;C:\Windows\System32\OpenSSH\;C:\Program Files (x86)\Eclipse\Sumo\bin\;C:\Program Files (x86)\Eclipse\Sumo\tools\;C:\Program Files\Git\cmd;C:\Program Files\LLVM\bin;C:\Program Files\Microsoft SQL Server\150\Tools\Binn\;C:\Program Files\Microsoft SQL Server\Client SDK\ODBC\170\Tools\Binn\;C:\Program Files\dotnet\;C:\Program Files\Docker\Docker\resources\bin;C:\ProgramData\DockerDesktop\version-bin;C:\Program Files\apache-maven-3.8.6\bin;C:\Users\aaron\AppData\Roaming\Python\Python310\Scripts;C:\Program Files (x86)\GitExtensions\;C:\Users\aaron\src\omnetpp-5.7\bin;C:\Python27;C:\Program Files\nodejs\;C:\ProgramData\chocolatey\bin;C:\Program Files\Microsoft SQL Server\130\Tools\Binn\;C:\Program Files\swipl\bin;C:\Users\aaron\AppData\Local\Packages\PythonSoftwareFoundation.Python.3.10_qbz5n2kfra8p0\LocalCache\local-packages\Python310\Scripts;;C:\Program Files\Git LFS;C:\Users\aaron\scoop\shims;C:\Users\aaron\AppData\Local\Microsoft\WindowsApps;;C:\Users\aaron\AppData\Local\Programs\Microsoft VS Code\bin;C:\Users\aaron\.dotnet\tools;C:\Users\aaron\AppData\Roaming\npm;C:\Program Files\JetBrains\IntelliJ IDEA 2022.2.2\bin;;C:\Users\aaron\.dotnet\tools;."/>
    <property name="java.vm.info" value="mixed mode, sharing"/>
    <property name="java.vendor" value="Oracle Corporation"/>
    <property name="java.vm.version" value="17.0.4.1+1-LTS-2"/>
    <property name="sun.io.unicode.encoding" value="UnicodeLittle"/>
    <property name="java.class.version" value="61.0"/>
  </properties>
  <testcase name="testApp" classname="com.collins.AppTest" time="0.039"/>
</testsuite>